execute ota_builder with python...
riscv32-unknown-elf-gcc -Iplatform/os/Huawei_LiteOS/kernel/include -Iconfig -DCONFIG_TEE_HUKS_SUPPORT -DCONFIG_CHIP_PKT_32K -DHI_BOARD_ASIC -DHI_ON_FLASH -E build/link/system_config.ld.S -o build/build_tmp/scripts/system_config.ld -P
nvimg_builder(["build/build_tmp/scripts/system_config.ld"], ["build/link/system_config.ld.S"])
product_name_list: ['sta']
xml h file: /home/czy/ohos3.0/device/hisilicon/hispark_pegasus/sdk_liteos/tools/nvtool/h_file/nv
/home/czy/ohos3.0/device/hisilicon/hispark_pegasus/sdk_liteos/tools/nvtool/out_nv_bin/sta
app_subver_list: ['demo']
current subver_name:demo
root_dir: /home/czy/ohos3.0/device/hisilicon/hispark_pegasus/sdk_liteos/tools/nvtool
mdm_xml: /home/czy/ohos3.0/device/hisilicon/hispark_pegasus/sdk_liteos/tools/nvtool/xml_file/mss_nvi_db.xml
HNV NAME:mss_nvi_db.xml
nv_tool: /home/czy/ohos3.0/device/hisilicon/hispark_pegasus/sdk_liteos/tools/nvtool/tools/nv/cdbm
app_subver_temp_dir:/home/czy/ohos3.0/device/hisilicon/hispark_pegasus/sdk_liteos/tools/nvtool/out_nv_bin/sta/nv/Hi3861_wifiiot_app/outside_demo
make app_subver_temp_dir
mdmxml:/home/czy/ohos3.0/device/hisilicon/hispark_pegasus/sdk_liteos/tools/nvtool/xml_file/mss_nvi_db.xml
src_xml_list: ['/home/czy/ohos3.0/device/hisilicon/hispark_pegasus/sdk_liteos/tools/nvtool/xml_file/mss_nvi_db.xml']
combin_xml:/home/czy/ohos3.0/device/hisilicon/hispark_pegasus/sdk_liteos/tools/nvtool/out_nv_bin/sta/nv/Hi3861_wifiiot_app/mss_nvi_db.xml
root_list [<Element 'HISTUDIO' at 0x7fcf890f01d0>]
hi_nv_modify_by_cfg
cfg_file: nv

cmd_line= ('/home/czy/ohos3.0/device/hisilicon/hispark_pegasus/sdk_liteos/tools/nvtool/tools/nv/cdbm', '/home/czy/ohos3.0/device/hisilicon/hispark_pegasus/sdk_liteos/tools/nvtool/out_nv_bin/sta/nv/Hi3861_wifiiot_app/outside_demo/nv.xml', '/home/czy/ohos3.0/device/hisilicon/hispark_pegasus/sdk_liteos/tools/nvtool/h_file/nv', '/home/czy/ohos3.0/device/hisilicon/hispark_pegasus/sdk_liteos/tools/nvtool/out_nv_bin/sta/nv/Hi3861_wifiiot_app/outside_demo/nv')
/home/czy/ohos3.0/device/hisilicon/hispark_pegasus/sdk_liteos/tools/nvtool/out_nv_bin/sta/nv/Hi3861_wifiiot_app/outside_demo/nv.xml
/home/czy/ohos3.0/device/hisilicon/hispark_pegasus/sdk_liteos/tools/nvtool/h_file/nv
/home/czy/ohos3.0/device/hisilicon/hispark_pegasus/sdk_liteos/tools/nvtool/out_nv_bin/sta/nv/Hi3861_wifiiot_app/outside_demo/nv
===========Init HDB Start===========
*********strDataTypeDefPath:/home/czy/ohos3.0/device/hisilicon/hispark_pegasus/sdk_liteos/tools/nvtool/h_file/nv/../nv/nv_modem_struct_def.txt
*********strDataTypeDefPath:/home/czy/ohos3.0/device/hisilicon/hispark_pegasus/sdk_liteos/tools/nvtool/h_file/nv/../nv/nv_modem_struct_def.txt
*********strDataTypeDefPath:/home/czy/ohos3.0/device/hisilicon/hispark_pegasus/sdk_liteos/tools/nvtool/h_file/nv/../nv/nv_factory_struct_def.txt
===========Init HDB finish===========
===========Write NV Buffer To File===========
===========Write NV Buffer Finish===========
RETURN VALUE:0
dst_hnv= /home/czy/ohos3.0/device/hisilicon/hispark_pegasus/sdk_liteos/tools/nvtool/out_nv_bin/sta/nv/hnv/Hi3861_wifiiot_app.hnv
Factory NV total num:10
NV_FILE_STRU :28
Factory NV total size:824
Normal NV total num:13
NV_FILE_STRU :28
Normal NV total size:766
build hnv OK:/home/czy/ohos3.0/device/hisilicon/hispark_pegasus/sdk_liteos/tools/nvtool/out_nv_bin/sta/nv/hnv/Hi3861_wifiiot_app.hnv
ENDING
riscv32-unknown-elf-gcc -Iplatform/os/Huawei_LiteOS/kernel/include -Iconfig -DCONFIG_TEE_HUKS_SUPPORT -DCONFIG_CHIP_PKT_32K -DHI_BOARD_ASIC -DHI_ON_FLASH -DFLASH_FIRM_START=4248512 -E build/link/link.ld.S -o build/build_tmp/scripts/link.lds -P
riscv32-unknown-elf-ld -nostartfiles -nostdlib -static --gc-sections -L/home/czy/gcc_riscv32/bin/../lib/gcc/riscv32-unknown-elf/7.3.0 -L/home/czy/ohos3.0/device/hisilicon/hispark_pegasus/sdk_liteos/build/scripts/../../../../../huawei/hms/hilink/ohos/l0/hi3861/lib/wifi -Lbuild/build_tmp/libs/app/wifiiot_app -Lbuild/build_tmp/libs/components/at -Lbuild/build_tmp/libs/platform/drivers -Lbuild/build_tmp/libs/platform/system -Lbuild/build_tmp/scripts -Lbuild/libs -Lbuild/libs/hi3861/release/no_mesh -Lbuild/scripts -Lohos/libs -Tbuild/build_tmp/scripts/link.lds -Map=output/bin/Hi3861_wifiiot_app.map -o output/bin/Hi3861_wifiiot_app.out --start-group --no-whole-archive --whole-archive -ladc -lat -lauthmanager -lblackbox -lbootstrap -lbroadcast -lc_flash -lcfg -lcjson_static -lcmsis -lcpup -ldiag -ldiscovery -ldrv -ldt_python_demo -ldtpython -ldump_static -leasy_wifi -lflash -lgcc -lgpio -lhal_file_static -lhal_iothardware -lhal_sysparam -lhal_token_static -lhal_update_static -lhal_wifiaware -lhctest -lhichainsdk -lhidumper_mini -lhievent_lite -lhilog_lite -lhiview_lite -lhota -lhuks_3.0_sdk -lhuks_test_common -lio -liperf -llitekernel_flash -lltoswpa -llwip -lm_flash -lmbedtls -lmodule_ActsBootstrapTest -lmodule_ActsDfxFuncTest -lmodule_ActsHieventLiteTest -lmodule_ActsHuksHalFunctionTest -lmodule_ActsKvStoreTest -lmodule_ActsLwipTest -lmodule_ActsParameterTest -lmodule_ActsSamgrTest -lmodule_ActsUpdaterFuncTest -lmodule_ActsUtilsFileTest -lmodule_ActsWifiIotTest -lmodule_ActsWifiServiceTest -lnative_file -lparttab -lposix -lres_cfg -lsamgr -lsamgr_adapter -lsamgr_source -lsdio -lsec_flash -lspiffs -lsysparam -lsystem -ltoken_static -ltrans_service -ltsensor -luart -lupg -lutils_kv_store -lwifi -lwifi_flash -lwifiaware -lwifiiot_app -lwifiservice -lwpa --end-group
riscv32-unknown-elf-ld: build/libs/libdtpython.a(adc_impl.o): in function `mp_adc_read':
adc_impl.c:(.text.mp_adc_read+0x46): undefined reference to `DTAdcRead'
riscv32-unknown-elf-ld: build/libs/libdtpython.a(gpio_impl.o): in function `mp_gpio_set_pull':
gpio_impl.c:(.text.mp_gpio_set_pull+0x1c): undefined reference to `DTGpioSetPull'
riscv32-unknown-elf-ld: build/libs/libdtpython.a(gpio_impl.o): in function `mp_gpio_set_func':
gpio_impl.c:(.text.mp_gpio_set_func+0x1c): undefined reference to `DTGpioSetFunc'
riscv32-unknown-elf-ld: build/libs/libdtpython.a(i2c_impl.o): in function `.L30':
i2c_impl.c:(.text.mp_i2c_write_read+0xb0): undefined reference to `DTI2cWriteRead'
riscv32-unknown-elf-ld: build/libs/libdtpython.a(spi_impl.o): in function `mp_spi_init':
spi_impl.c:(.text.mp_spi_init+0x32): undefined reference to `DTSpiInit'
riscv32-unknown-elf-ld: build/libs/libdtpython.a(spi_impl.o): in function `mp_spi_deinit':
spi_impl.c:(.text.mp_spi_deinit+0x8): undefined reference to `DTSpiDeinit'
riscv32-unknown-elf-ld: build/libs/libdtpython.a(spi_impl.o): in function `.L11':
spi_impl.c:(.text.mp_spi_host_write+0x6c): undefined reference to `DTSpiHostWrite'
riscv32-unknown-elf-ld: build/libs/libdtpython.a(spi_impl.o): in function `mp_spi_host_read':
spi_impl.c:(.text.mp_spi_host_read+0x3c): undefined reference to `DTSpiHostRead'
riscv32-unknown-elf-ld: build/libs/libdtpython.a(spi_impl.o): in function `.L30':
spi_impl.c:(.text.mp_spi_host_write_read+0x90): undefined reference to `DTSpiHostWriteRead'
riscv32-unknown-elf-ld: build/libs/libdtpython.a(spi_impl.o): in function `mp_spi_set_info':
spi_impl.c:(.text.mp_spi_set_info+0x32): undefined reference to `DTSpiSetInfo'
riscv32-unknown-elf-ld: ohos/libs/libhal_iothardware.a(libhal_iothardware.hal_iot_i2c.o): in function `IoTI2cWrite':
hal_iot_i2c.c:(.text.IoTI2cWrite+0x1a): undefined reference to `hi_i2c_write'
riscv32-unknown-elf-ld: ohos/libs/libhal_iothardware.a(libhal_iothardware.hal_iot_i2c.o): in function `IoTI2cRead':
hal_iot_i2c.c:(.text.IoTI2cRead+0x1a): undefined reference to `hi_i2c_read'
riscv32-unknown-elf-ld: ohos/libs/libhal_iothardware.a(libhal_iothardware.hal_iot_i2c.o): in function `IoTI2cInit':
hal_iot_i2c.c:(.text.IoTI2cInit+0x10): undefined reference to `hi_i2c_init'
riscv32-unknown-elf-ld: ohos/libs/libhal_iothardware.a(libhal_iothardware.hal_iot_i2c.o): in function `IoTI2cDeinit':
hal_iot_i2c.c:(.text.IoTI2cDeinit+0x10): undefined reference to `hi_i2c_deinit'
riscv32-unknown-elf-ld: ohos/libs/libhal_iothardware.a(libhal_iothardware.hal_iot_i2c.o): in function `IoTI2cSetBaudrate':
hal_iot_i2c.c:(.text.IoTI2cSetBaudrate+0x10): undefined reference to `hi_i2c_set_baudrate'
riscv32-unknown-elf-ld: ohos/libs/libhal_iothardware.a(libhal_iothardware.hal_iot_pwm.o): in function `IoTPwmInit':
hal_iot_pwm.c:(.text.IoTPwmInit+0x14): undefined reference to `hi_pwm_set_clock'
riscv32-unknown-elf-ld: hal_iot_pwm.c:(.text.IoTPwmInit+0x22): undefined reference to `hi_pwm_init'
riscv32-unknown-elf-ld: ohos/libs/libhal_iothardware.a(libhal_iothardware.hal_iot_pwm.o): in function `IoTPwmDeinit':
hal_iot_pwm.c:(.text.IoTPwmDeinit+0x10): undefined reference to `hi_pwm_deinit'
riscv32-unknown-elf-ld: ohos/libs/libhal_iothardware.a(libhal_iothardware.hal_iot_pwm.o): in function `IoTPwmStart':
hal_iot_pwm.c:(.text.IoTPwmStart+0x4e): undefined reference to `hi_pwm_start'
riscv32-unknown-elf-ld: ohos/libs/libhal_iothardware.a(libhal_iothardware.hal_iot_pwm.o): in function `IoTPwmStop':
hal_iot_pwm.c:(.text.IoTPwmStop+0x10): undefined reference to `hi_pwm_stop'
scons: *** [output/bin/Hi3861_wifiiot_app.out] Error 1
[91mBUILD FAILED!!!![0m
[91mFailed building output/bin/Hi3861_wifiiot_app.out: Error 1[0m
